<?xml version="1.0" encoding="UTF-8"?>
<beans xmlns="http://www.springframework.org/schema/beans"
       xmlns:xsi="http://www.w3.org/2001/XMLSchema-instance"
       xmlns:jdbc="http://www.springframework.org/schema/jdbc"
       xsi:schemaLocation="http://www.springframework.org/schema/beans http://www.springframework.org/schema/beans/spring-beans.xsd
                               http://www.springframework.org/schema/jdbc http://www.springframework.org/schema/jdbc/spring-jdbc.xsd">

    <jdbc:embedded-database id="trainingDataSource" type="H2"/>

   <!-- <bean id="trainingDataSource" class="com.mchange.v2.c3p0.ComboPooledDataSource" destroy-method="close">
        <property name="driverClass" value="org.h2.Driver"/>
        <property name="jdbcUrl" value="jdbc:h2:file:data/test-training;MVCC=TRUE;DB_CLOSE_ON_EXIT=FALSE"/>
        <property name="user" value="sa"/>
        <property name="password" value=""/>
    </bean>-->

</beans>